<?xml version="1.0" encoding="UTF-8"?>
<testsuite xmlns:xsi="http://www.w3.org/2001/XMLSchema-instance" xsi:noNamespaceSchemaLocation="https://maven.apache.org/surefire/maven-surefire-plugin/xsd/surefire-test-report-3.0.xsd" version="3.0" name="TestSuite" time="33.131" tests="1" errors="0" skipped="0" failures="0">
  <properties>
[...]
</properties>
  <testcase name="accountregtest" classname="testcases.TC_5656REGISTRATIONTEST" time="6.928">
    <system-out><![CDATA[2026-02-18 11:17:08 [main] DEBUG TestNG:82 - suiteXmlPath: "C:\Users\Lenovo\eclipse-workspace\Restassured\MyFramework\master.xml"
2026-02-18 11:17:30 [main] INFO  TC_5656REGISTRATIONTEST:20 - starting the test now>>>>>>>>>
2026-02-18 11:17:30 [main] INFO  TC_5656REGISTRATIONTEST:24 - clicked on my account>>>>>>>>>
2026-02-18 11:17:32 [main] INFO  TC_5656REGISTRATIONTEST:26 - clicked on register>>>>>>>>>
2026-02-18 11:17:32 [main] INFO  TC_5656REGISTRATIONTEST:29 - providing details>>>>>>>>>
2026-02-18 11:17:36 [main] INFO  TC_5656REGISTRATIONTEST:39 - validating the confirmation msg>>>>>>>>>
2026-02-18 11:17:37 [main] INFO  TC_5656REGISTRATIONTEST:65 - finished test case>>>>>>>>>
]]></system-out>
    <system-err><![CDATA[2026-02-18T05:47:08.432268600Z main INFO Starting configuration XmlConfiguration[location=C:\Users\Lenovo\eclipse-workspace\Restassured\MyFramework\target\test-classes\log4j2.xml, lastModified=2025-08-20T07:14:08.159Z]...
2026-02-18T05:47:08.443268600Z main INFO Configuration XmlConfiguration[location=C:\Users\Lenovo\eclipse-workspace\Restassured\MyFramework\target\test-classes\log4j2.xml, lastModified=2025-08-20T07:14:08.159Z] started.
2026-02-18T05:47:08.456264900Z main INFO Stopping configuration org.apache.logging.log4j.core.config.DefaultConfiguration@2cbb3d47...
2026-02-18T05:47:08.459268600Z main INFO Configuration org.apache.logging.log4j.core.config.DefaultConfiguration@2cbb3d47 stopped.
Feb 18, 2026 11:17:22 AM org.openqa.selenium.devtools.CdpVersionFinder findNearestMatch
WARNING: Unable to find CDP implementation matching 145
Feb 18, 2026 11:17:22 AM org.openqa.selenium.chromium.ChromiumDriver lambda$new$4
WARNING: Unable to find version of CDP to use for 145.0.7632.75. You may need to include a dependency on a specific version of the CDP using something similar to `org.seleniumhq.selenium:selenium-devtools-v86:4.34.0` where the version ("v86") matches the version of the chromium-based browser you're using and the version number of the artifact is the same as Selenium's.
]]></system-err>
  </testcase>
</testsuite>