<?xml version="1.0" encoding="UTF-8"?>
<testng-results ignored="0" total="1" passed="1" failed="0" skipped="0">
  <reporter-output>
  </reporter-output>
  <suite started-at="2026-02-18T11:17:09 IST" name="Suite" finished-at="2026-02-18T11:17:37 IST" duration-ms="28108">
    <groups>
    </groups>
    <test started-at="2026-02-18T11:17:09 IST" name="Test" finished-at="2026-02-18T11:17:37 IST" duration-ms="28108">
      <class name="testcases.TC_5656REGISTRATIONTEST">
        <test-method is-config="true" signature="setup(java.lang.String,java.lang.String)[pri:0, instance:testcases.TC_5656REGISTRATIONTEST@5717c37]" started-at="2026-02-18T11:17:09 IST" name="setup" finished-at="2026-02-18T11:17:30 IST" duration-ms="20084" status="PASS">
          <params>
            <param index="0">
              <value>
                <![CDATA[windows]]>
              </value>
            </param>
            <param index="1">
              <value>
                <![CDATA[chrome]]>
              </value>
            </param>
          </params>
          <reporter-output>
          </reporter-output>
        </test-method> <!-- setup -->
        <test-method signature="accountregtest()[pri:0, instance:testcases.TC_5656REGISTRATIONTEST@5717c37]" started-at="2026-02-18T11:17:30 IST" name="accountregtest" finished-at="2026-02-18T11:17:37 IST" duration-ms="6931" status="PASS">
          <reporter-output>
          </reporter-output>
        </test-method> <!-- accountregtest -->
        <test-method is-config="true" signature="teardown()[pri:0, instance:testcases.TC_5656REGISTRATIONTEST@5717c37]" started-at="2026-02-18T11:17:37 IST" name="teardown" finished-at="2026-02-18T11:17:37 IST" duration-ms="856" status="PASS">
          <reporter-output>
          </reporter-output>
        </test-method> <!-- teardown -->
      </class> <!-- testcases.TC_5656REGISTRATIONTEST -->
    </test> <!-- Test -->
  </suite> <!-- Suite -->
</testng-results>
